<?xml version="1.0" encoding="UTF-8"?>
<!-- Generated by org.testng.reporters.JUnitXMLReporter -->
<testsuite ignored="0" hostname="ThinkPad-T420" failures="0" tests="4" name="Test" time="11.052" errors="0" timestamp="2024-08-06T23:28:51 IST">
  <testcase classname="api.test.UserTests" name="testPostUser" time="4.401"/>
  <testcase classname="api.test.UserTests" name="testGetUserByName" time="1.17"/>
  <testcase classname="api.test.UserTests" name="testUpdateUserByName" time="2.21"/>
  <testcase classname="api.test.UserTests" name="testDeleteUserByName" time="1.123"/>
</testsuite> <!-- Test -->
